<?xml version="1.0" encoding="UTF-8" standalone="no"?>
<testsuite failures="0" name="cucumber.runtime.formatter.JUnitFormatter" skipped="0" tests="7" time="62.862258">
<testcase classname="Login Automating" name="Successfull Login with Valid Credentials" time="10.275877">
<system-out><![CDATA[Given User Launch Chrome browser............................................passed
When User opens URL "http://localhost:8080/Testautomation-01/"..............passed
Then Page Title should be "Test automation Framework".......................passed
When User enters Username as "mamoudou@gmail.com" and Password as "123456Admin&%".passed
And Click on Login..........................................................passed
Then close browser..........................................................passed
]]></system-out>
</testcase>
<testcase classname="Login Automating" name="Login Data Driven" time="8.261951">
<system-out><![CDATA[Given User Launch Chrome browser............................................passed
When User opens URL "http://localhost:8080/Testautomation-01/"..............passed
Then Page Title should be "Test automation Framework".......................passed
When User enters Username as "camara@gmail.com" and Password as "admin1"....passed
And Click on Login..........................................................passed
Then close browser..........................................................passed
]]></system-out>
</testcase>
<testcase classname="Login Automating" name="Login Data Driven 2" time="8.281045">
<system-out><![CDATA[Given User Launch Chrome browser............................................passed
When User opens URL "http://localhost:8080/Testautomation-01/"..............passed
Then Page Title should be "Test automation Framework".......................passed
When User enters Username as "amos12@hotmail.com" and Password as "A_#in2"..passed
And Click on Login..........................................................passed
Then close browser..........................................................passed
]]></system-out>
</testcase>
<testcase classname="Login Automating" name="Login Data Driven 3" time="8.329741">
<system-out><![CDATA[Given User Launch Chrome browser............................................passed
When User opens URL "http://localhost:8080/Testautomation-01/"..............passed
Then Page Title should be "Test automation Framework".......................passed
When User enters Username as "12345pala@yahoo.com" and Password as "Ad/min3".passed
And Click on Login..........................................................passed
Then close browser..........................................................passed
]]></system-out>
</testcase>
<testcase classname="Login Automating" name="Login Data Driven 4" time="8.884057">
<system-out><![CDATA[Given User Launch Chrome browser............................................passed
When User opens URL "http://localhost:8080/Testautomation-01/"..............passed
Then Page Title should be "Test automation Framework".......................passed
When User enters Username as "_robert.ger34@gmail.com" and Password as "%234in&4".passed
And Click on Login..........................................................passed
Then close browser..........................................................passed
]]></system-out>
</testcase>
<testcase classname="Login Automating" name="Login Data Driven 5" time="8.282201">
<system-out><![CDATA[Given User Launch Chrome browser............................................passed
When User opens URL "http://localhost:8080/Testautomation-01/"..............passed
Then Page Title should be "Test automation Framework".......................passed
When User enters Username as "baga_dressin345@gmail.com" and Password as "56&%".passed
And Click on Login..........................................................passed
Then close browser..........................................................passed
]]></system-out>
</testcase>
<testcase classname="Recovered Sing In" name="Login with Valid Credentials" time="10.547386">
<system-out><![CDATA[Given Reopen Chrome browser.................................................passed
Given Launch Chrome browser.................................................passed
When Opens URL "http://localhost:8080/Testautomation-01/"...................passed
Then Title of page should be "Test automation Framework"....................passed
When Enters Username as "mamoudou@gmail.com" and Password as "123456".......passed
And Click on Sign In........................................................passed
Then Quit browser...........................................................passed
]]></system-out>
</testcase>
</testsuite>
